Removed Pin From Net: NetName=SWDCLK Pin=J3-1
Removed Pin From Net: NetName=VBAT Pin=J3-2
Removed Pin From Net: NetName=SWDIO Pin=J3-3
Removed Pin From Net: NetName=GND Pin=J3-4
Removed Pin From Net: NetName=RST_nRF Pin=J3-5
Removed Pin From Net: NetName=RST_nRF Pin=R1-1
Removed Pin From Net: NetName=VBAT Pin=R1-2
Removed Pin From Net: NetName=VBAT Pin=U1-23
Change Component Comment : Designator=J3 Old Comment=ICD connector New Comment=TC2050-IDC
Change Component Comment : Designator=R1 Old Comment=NC New Comment=10 kOhms
Change Component Designator: OldDesignator=J3 NewDesignator=J?
Change Component Designator: OldDesignator=R1 NewDesignator=R?
Change component parameters: Designator = "R?"; Footprint = "RES 0603_1608"; UniqueID = "\KASFEBBU"
Change component parameters. Clean all parameters for all variants
Change component parameters (AddParameter): Name = "ComponentLink1Description"; Value = "Datasheet"; VariantName = "[No Variations]"
Change component parameters (AddParameter): Name = "ComponentLink1URL"; Value = "https://www.seielect.com/catalog/sei-rncs_rnch.pdf"; VariantName = "[No Variations]"
Change component parameters (AddParameter): Name = "ComponentLink2Description"; Value = "DigiKey Link"; VariantName = "[No Variations]"
Change component parameters (AddParameter): Name = "ComponentLink2URL"; Value = "http://digikey.com/product-detail/en/stackpole-electronics-inc/RNCS0603BKE10K0/RNCS0603BKE10K0CT-ND/1800113"; VariantName = "[No Variations]"
Change component parameters (AddParameter): Name = "Composition"; Value = "Thin Film"; VariantName = "[No Variations]"
Change component parameters (AddParameter): Name = "Device Package"; Value = "0603 (1608 Metric)"; VariantName = "[No Variations]"
Change component parameters (AddParameter): Name = "Features"; Value = "Anti-Corrosive, Automotive AEC-Q200, Moisture Resistant"; VariantName = "[No Variations]"
Change component parameters (AddParameter): Name = "Height - Seated (Max)"; Value = "0.022" (0.55mm)"; VariantName = "[No Variations]"
Change component parameters (AddParameter): Name = "LastUpdated"; Value = "21/01/2020 00:25:01"; VariantName = "[No Variations]"
Change component parameters (AddParameter): Name = "Lifecycle Status"; Value = "Active"; VariantName = "[No Variations]"
Change component parameters (AddParameter): Name = "Manufacturer"; Value = "Stackpole Electronics Inc"; VariantName = "[No Variations]"
Change component parameters (AddParameter): Name = "Minimum Order"; Value = "1"; VariantName = "[No Variations]"
Change component parameters (AddParameter): Name = "Number of Terminations"; Value = "2"; VariantName = "[No Variations]"
Change component parameters (AddParameter): Name = "Operating Temperature"; Value = "-55°C ~ 155°C"; VariantName = "[No Variations]"
Change component parameters (AddParameter): Name = "Package / Case"; Value = "0603 (1608 Metric)"; VariantName = "[No Variations]"
Change component parameters (AddParameter): Name = "Packaging"; Value = "TapeAndReel"; VariantName = "[No Variations]"
Change component parameters (AddParameter): Name = "PartId"; Value = "4838"; VariantName = "[No Variations]"
Change component parameters (AddParameter): Name = "Part Number"; Value = "RNCS0603BKE10K0"; VariantName = "[No Variations]"
Change component parameters (AddParameter): Name = "Part Status"; Value = "Active"; VariantName = "[No Variations]"
Change component parameters (AddParameter): Name = "Power (Watts)"; Value = "0.063W, 1/16W"; VariantName = "[No Variations]"
Change component parameters (AddParameter): Name = "Price"; Value = "0.08"; VariantName = "[No Variations]"
Change component parameters (AddParameter): Name = "Ratings"; Value = "AEC-Q200"; VariantName = "[No Variations]"
Change component parameters (AddParameter): Name = "Resistance"; Value = "10 kOhms"; VariantName = "[No Variations]"
Change component parameters (AddParameter): Name = "Series"; Value = "RNCS"; VariantName = "[No Variations]"
Change component parameters (AddParameter): Name = "Size / Dimension"; Value = "0.061" L x 0.031" W (1.55mm x 0.80mm)"; VariantName = "[No Variations]"
Change component parameters (AddParameter): Name = "Supplier 1"; Value = "DigiKey"; VariantName = "[No Variations]"
Change component parameters (AddParameter): Name = "Supplier Device Package"; Value = "0603"; VariantName = "[No Variations]"
Change component parameters (AddParameter): Name = "Supplier Part Number 1"; Value = "RNCS0603BKE10K0CT-ND"; VariantName = "[No Variations]"
Change component parameters (AddParameter): Name = "Temperature Coefficient"; Value = "±25ppm/°C"; VariantName = "[No Variations]"
Change component parameters (AddParameter): Name = "Tolerance"; Value = "±0.1%"; VariantName = "[No Variations]"
Change component parameters (AddParameter): Name = "Value"; Value = "10 kOhms"; VariantName = "[No Variations]"
Change component parameters: Designator = "J?"; Footprint = "TC2050-IDC-NLFP"; UniqueID = "\FAVWSIRS"
Change component parameters. Clean all parameters for all variants
Change component parameters (AddParameter): Name = "2nd source part number"; Value = ""; VariantName = "[No Variations]"
Change component parameters (AddParameter): Name = "2nd source Supplier"; Value = ""; VariantName = "[No Variations]"
Change component parameters (AddParameter): Name = "Artikkelnr Noca"; Value = "N.A."; VariantName = "[No Variations]"
Change component parameters (AddParameter): Name = "Artikkelnr Simpro"; Value = "N.A."; VariantName = "[No Variations]"
Change component parameters (AddParameter): Name = "Assembly"; Value = ""; VariantName = "[No Variations]"
Change component parameters (AddParameter): Name = "ComponentLink1Description"; Value = "Datasheet"; VariantName = "[No Variations]"
Change component parameters (AddParameter): Name = "ComponentLink1URL"; Value = ""; VariantName = "[No Variations]"
Change component parameters (AddParameter): Name = "ComponentLink2Description"; Value = "Supplier link"; VariantName = "[No Variations]"
Change component parameters (AddParameter): Name = "ComponentLink2URL"; Value = ""; VariantName = "[No Variations]"
Change component parameters (AddParameter): Name = "Footprint Doc"; Value = "TC2050-IDC-NLFP"; VariantName = "[No Variations]"
Change component parameters (AddParameter): Name = "HelpURL"; Value = "http://www.tag-connect.com/Materials/TC2050-IDC%20Datasheet.pdf"; VariantName = "[No Variations]"
Change component parameters (AddParameter): Name = "LatestRevisionDate"; Value = "2012-11-21"; VariantName = "[No Variations]"
Change component parameters (AddParameter): Name = "Manufacturer"; Value = "Tag-Connect LLC"; VariantName = "[No Variations]"
Change component parameters (AddParameter): Name = "Manufacturer Part Number"; Value = "TC2050-IDC-NLFP"; VariantName = "[No Variations]"
Change component parameters (AddParameter): Name = "Part Number"; Value = "TC2050-IDC-NLFP"; VariantName = "[No Variations]"
Change component parameters (AddParameter): Name = "Part number IPS"; Value = ""; VariantName = "[No Variations]"
Change component parameters (AddParameter): Name = "Pin Count"; Value = "10"; VariantName = "[No Variations]"
Change component parameters (AddParameter): Name = "Published"; Value = "2012-11-21"; VariantName = "[No Variations]"
Change component parameters (AddParameter): Name = "Publisher"; Value = "Nordic Semiconductor"; VariantName = "[No Variations]"
Change component parameters (AddParameter): Name = "Supplier"; Value = "Digi-Key"; VariantName = "[No Variations]"
Change component parameters (AddParameter): Name = "Supplier part number"; Value = "TC2050-IDC-NL-ND"; VariantName = "[No Variations]"
Change component parameters (AddParameter): Name = "Value"; Value = "TC2050-IDC"; VariantName = "[No Variations]"
Added Pin To Net: NetName=SWDIO Pin=J?-2
Added Pin To Net: NetName=GND Pin=J?-3
Added Pin To Net: NetName=SWDCLK Pin=J?-4
Added Pin To Net: NetName=VUSB Pin=J?-5
Added Pin To Net: NetName=VBAT Pin=R?-1
Added Pin To Net: NetName=RST_nRF Pin=R?-2
Change Net Name : Old Net Name=VUSB New Net Name=VBUS
Added Pin To Net: NetName=NetL?_1 Pin=U1-25
Added Net: Name=NetL?_1
Added Pin To Net: NetName=VDD_HV Pin=U1-23
Added Net: Name=VDD_HV
Added Pin To Net: NetName=VDD_nRF Pin=J?-1
Added Pin To Net: NetName=VDD_nRF Pin=U1-19
Added Net: Name=VDD_nRF
Added Member To Class: ClassName=Sheet1 Member=Component C17 1µF
