Removed Pin From Net: NetName=GND Pin=C18-1
Removed Pin From Net: NetName=GND Pin=C19-1
Removed Pin From Net: NetName=VBUS Pin=C19-2
Removed Pin From Net: NetName=GND Pin=C20-1
Removed Pin From Net: NetName=VBUS Pin=C20-2
Removed Pin From Net: NetName=GND Pin=C21-1
Removed Pin From Net: NetName=VBUS Pin=C21-2
Removed Pin From Net: NetName=GND Pin=D4-1
Removed Pin From Net: NetName=D- Pin=D4-2
Removed Pin From Net: NetName=D+ Pin=D4-3
Removed Pin From Net: NetName=VBUS Pin=D4-4
Removed Pin From Net: NetName=D- Pin=J2-2
Removed Pin From Net: NetName=D+ Pin=J2-3
Removed Pin From Net: NetName=VBUS Pin=L3-1
Removed Pin From Net: NetName=GND Pin=L4-2
Removed Member From Class: ClassName=Sheet Member=C18
Removed Member From Class: ClassName=Sheet Member=C19
Removed Member From Class: ClassName=Sheet Member=C20
Removed Member From Class: ClassName=Sheet Member=C21
Removed Member From Class: ClassName=Sheet Member=D4
Removed Member From Class: ClassName=Sheet Member=L3
Removed Member From Class: ClassName=Sheet Member=L4
Added Pin To Net: NetName=GND Pin=J2-5
Added Pin To Net: NetName=GND Pin=J2-S
Added Pin To Net: NetName=GND Pin=J2-S
Added Pin To Net: NetName=GND Pin=J2-S
Added Pin To Net: NetName=GND Pin=J2-S
Added Pin To Net: NetName=GND Pin=U1-27
