Change component parameters: Designator = "Q1"; Footprint = "FP-S-03946-MFG"; UniqueID = "\ZEFSFRQZ"
Change component parameters. Clean all parameters for all variants
Change component parameters (AddParameter): Name = "Automotive"; Value = "No"; VariantName = "[No Variations]"
Change component parameters (AddParameter): Name = "Category"; Value = "Trans"; VariantName = "[No Variations]"
Change component parameters (AddParameter): Name = "ComponentLink2Description"; Value = "Datasheet"; VariantName = "[No Variations]"
Change component parameters (AddParameter): Name = "ComponentLink2URL"; Value = "http://www.vishay.com/docs/63399/si1308edl.pdf"; VariantName = "[No Variations]"
Change component parameters (AddParameter): Name = "Continuous Drain Current"; Value = "1.5A"; VariantName = "[No Variations]"
Change component parameters (AddParameter): Name = "Depletion Mode"; Value = "False"; VariantName = "[No Variations]"
Change component parameters (AddParameter): Name = "Device Class L1"; Value = "Discrete Semiconductors"; VariantName = "[No Variations]"
Change component parameters (AddParameter): Name = "Device Class L2"; Value = "Transistors"; VariantName = "[No Variations]"
Change component parameters (AddParameter): Name = "Device Class L3"; Value = "MOSFETs"; VariantName = "[No Variations]"
Change component parameters (AddParameter): Name = "Digikey Description"; Value = "MOSFET N-CH 30V 1.4A SC-70-3"; VariantName = "[No Variations]"
Change component parameters (AddParameter): Name = "Drain To Source Breakdown Voltage"; Value = "30V"; VariantName = "[No Variations]"
Change component parameters (AddParameter): Name = "Drain To Source Resistance"; Value = "0.11O"; VariantName = "[No Variations]"
Change component parameters (AddParameter): Name = "Drain To Source Voltage"; Value = "30V"; VariantName = "[No Variations]"
Change component parameters (AddParameter): Name = "Gate Charge At Vgs"; Value = "2.7nC @ 10V"; VariantName = "[No Variations]"
Change component parameters (AddParameter): Name = "Gate To Source Voltage"; Value = "12V"; VariantName = "[No Variations]"
Change component parameters (AddParameter): Name = "Height"; Value = "1.1mm"; VariantName = "[No Variations]"
Change component parameters (AddParameter): Name = "Input Capacitace At Vds"; Value = "105pF @ 15V"; VariantName = "[No Variations]"
Change component parameters (AddParameter): Name = "Ipc Land Pattern Name"; Value = "SOT65P210X100-3"; VariantName = "[No Variations]"
Change component parameters (AddParameter): Name = "Lead Free"; Value = "Yes"; VariantName = "[No Variations]"
Change component parameters (AddParameter): Name = "Manufacturer"; Value = "Vishay"; VariantName = "[No Variations]"
Change component parameters (AddParameter): Name = "Manufacturer Part Number"; Value = "SI1308EDL-T1-GE3"; VariantName = "[No Variations]"
Change component parameters (AddParameter): Name = "Max Forward Diode Voltage"; Value = "1.2V"; VariantName = "[No Variations]"
Change component parameters (AddParameter): Name = "Max Junction Temp"; Value = "+150°C"; VariantName = "[No Variations]"
Change component parameters (AddParameter): Name = "Mouser Description"; Value = "MOSFET 30V 1.5A"; VariantName = "[No Variations]"
Change component parameters (AddParameter): Name = "Number Of Channels"; Value = "1"; VariantName = "[No Variations]"
Change component parameters (AddParameter): Name = "Number Of N Channels"; Value = "1"; VariantName = "[No Variations]"
Change component parameters (AddParameter): Name = "Octopart"; Value = "https://octopart.com/si1308edl-t1-ge3-vishay-45284459"; VariantName = "[No Variations]"
Change component parameters (AddParameter): Name = "Package"; Value = "S-03946"; VariantName = "[No Variations]"
Change component parameters (AddParameter): Name = "Power Dissipation"; Value = "0.4W"; VariantName = "[No Variations]"
Change component parameters (AddParameter): Name = "Pulse Drain Current"; Value = "6A"; VariantName = "[No Variations]"
Change component parameters (AddParameter): Name = "Reverse Recovery Charge"; Value = "3nC"; VariantName = "[No Variations]"
Change component parameters (AddParameter): Name = "Reverse Recovery Time"; Value = "8ns"; VariantName = "[No Variations]"
Change component parameters (AddParameter): Name = "RoHS"; Value = "TRUE"; VariantName = "[No Variations]"
Change component parameters (AddParameter): Name = "Rthja Max"; Value = "250°C/W"; VariantName = "[No Variations]"
Change component parameters (AddParameter): Name = "Temperature"; Value = "-55°C to +150°C"; VariantName = "[No Variations]"
Change component parameters (AddParameter): Name = "Temperature Range High"; Value = "+150°C"; VariantName = "[No Variations]"
Change component parameters (AddParameter): Name = "Temperature Range Low"; Value = "-55°C"; VariantName = "[No Variations]"
Change component parameters (AddParameter): Name = "Threshold Vgs Max"; Value = "1.5V"; VariantName = "[No Variations]"
Change component parameters (AddParameter): Name = "Threshold Vgs Min"; Value = "0.6V"; VariantName = "[No Variations]"
Change component parameters (AddParameter): Name = "Transconductance"; Value = "5S"; VariantName = "[No Variations]"
Change component parameters (AddParameter): Name = "Turn Off Delay Time"; Value = "8ns"; VariantName = "[No Variations]"
Change component parameters (AddParameter): Name = "Turn On Delay Time"; Value = "2ns"; VariantName = "[No Variations]"
Change component parameters (AddParameter): Name = "Typ Forward Diode Voltage"; Value = "0.8V"; VariantName = "[No Variations]"
Added Member To Class: ClassName=Sheet Member=Component C? 10000pF
Added Member To Class: ClassName=Sheet Member=Component C? 4.7µF
Added Member To Class: ClassName=Sheet Member=Component C? 0.1µF
Added Member To Class: ClassName=Sheet Member=Component L? 120R/0.85A
Added Member To Class: ClassName=Sheet1 Member=Component R? 0 Ohms
