Removed Pin From Net: NetName=VBAT Pin=C4-2
Removed Pin From Net: NetName=SWDIO Pin=J?-2
Removed Pin From Net: NetName=GND Pin=J?-3
Removed Pin From Net: NetName=SWDCLK Pin=J?-4
Removed Pin From Net: NetName=VBUS Pin=J?-5
Removed Pin From Net: NetName=VBAT Pin=R9-1
Removed Pin From Net: NetName=VBAT Pin=R11-1
Removed Pin From Net: NetName=VBAT Pin=R?-1
Added Pin To Net: NetName=3V3 Pin=C4-2
Added Pin To Net: NetName=3V3 Pin=J?-1
Added Pin To Net: NetName=GDR Pin=J?-2
Added Pin To Net: NetName=SWDIO Pin=J?-2
Added Pin To Net: NetName=GND Pin=J?-3
Added Pin To Net: NetName=RESE Pin=J?-3
Added Pin To Net: NetName=NetC6_2 Pin=J?-4
Added Pin To Net: NetName=SWDCLK Pin=J?-4
Added Pin To Net: NetName=NetC7_2 Pin=J?-5
Added Pin To Net: NetName=VBUS Pin=J?-5
Added Pin To Net: NetName=3V3 Pin=R9-1
Added Pin To Net: NetName=3V3 Pin=R11-1
Added Pin To Net: NetName=3V3 Pin=R?-1
Added Pin To Net: NetName=3V3 Pin=U1-19
Added Pin To Net: NetName=VBAT Pin=U1-23
Change Net Name : Old Net Name=3V3 New Net Name=VDD_nRF
