Remove Pin=D1-1 From Net=PREVGL
Remove Pin=D3-2 From Net=PREVGH
Remove Pin=J3-2 From Net=SWDIO
Remove Pin=J3-4 From Net=SWDCLK
Remove Pin=J4-2 From Net=GDR
Remove Pin=J4-3 From Net=RESE
Remove Pin=J4-8 From Net=BS
Remove Pin=J4-9 From Net=BUSY
Remove Pin=J4-10 From Net=RST
Remove Pin=J4-11 From Net=DC
Remove Pin=J4-12 From Net=CS
Remove Pin=J4-13 From Net=CLK
Remove Pin=J4-14 From Net=DIN
Remove Pin=J4-16 From Net=VDD_nRF
Remove Pin=J4-17 From Net=GND
Remove Pin=R9-2 From Net=CHG
Remove Pin=R11-2 From Net=PG
Remove Pin=U1-7 From Net=VBAT_AN
Remove Pin=U1-10 From Net=RST_SCREEN
Remove Pin=U1-16 From Net=ISET2
Remove Pin=U1-20 From Net=CHG
Remove Pin=U1-22 From Net=PG
Remove Pin=U1-26 From Net=RST_nRF
Remove Pin=U1-28 From Net=BUSY
Remove Pin=U1-30 From Net=RST
Remove Pin=U1-32 From Net=DC
Remove Pin=U1-34 From Net=CS
Remove Pin=U1-36 From Net=CLK
Remove Pin=U1-37 From Net=SWDIO
Remove Pin=U1-38 From Net=DIN
Remove Pin=U1-39 From Net=SWDCLK
Remove Pin=U2-5 From Net=PG
Remove Pin=U2-7 From Net=ISET2
Remove Pin=U2-8 From Net=CHG
